-------------------------------------------------------------------------------
Test set: TestSuite
-------------------------------------------------------------------------------
Tests run: 1, Failures: 1, Errors: 0, Skipped: 0, Time elapsed: 20.391 s <<< FAILURE! - in TestSuite
addRemoveItem(uk.co.automationtesting.AddRemoveItemBasketTest)  Time elapsed: 6.365 s  <<< FAILURE!
java.lang.NullPointerException
	at uk.co.automationtesting.AddRemoveItemBasketTest.addRemoveItem(AddRemoveItemBasketTest.java:31)

