<?xml version="1.0" encoding="UTF-8"?>
<testsuite xmlns:xsi="http://www.w3.org/2001/XMLSchema-instance" xsi:noNamespaceSchemaLocation="https://maven.apache.org/surefire/maven-surefire-plugin/xsd/surefire-test-report.xsd" name="TestSuite" time="20.391" tests="1" errors="0" skipped="0" failures="1">
  <properties>
[...]
</properties>
  <testcase name="addRemoveItem" classname="uk.co.automationtesting.AddRemoveItemBasketTest" time="6.365">
    <failure type="java.lang.NullPointerException">java.lang.NullPointerException
	at uk.co.automationtesting.AddRemoveItemBasketTest.addRemoveItem(AddRemoveItemBasketTest.java:31)
</failure>
    <system-out><![CDATA[Enter
]]></system-out>
    <system-err><![CDATA[SSttaarrttiinngg  CChhrormoeDmreiDvreirv 117.0.5938.92 (67649b10b92bb182fba357831ef7dd6a1baa5648-refs/branch-heads/5938_62@{#e14}) on port 20144
Only locra l1 17c.o0n.ne5c9t3i8o.n9s2  a(r6e7 allowed.
6P4l9eba1s0eb 9s2ebeb 1ht8t2ps://chromedriver.chrfba357831ef7dd6a1baa5648-refs/branch-hoemadisu/m5.9o3r8g_/6s2e@c{u#r1i4t}y)- coonn spiodrerations for suggestions on kte e3p5i16n4g
Only local connections are allowed.
Please see https://chromedriver.chromium.org/security-considerations for suggestions on keeping ChromeDriver safe.
 ChromeDriver safe.
ChromeDriver was started successfully.
ChromeDriver was started successfully.
Sep 27, 2023 5:29:36 PM org.openqa.selenium.remote.ProtocolHandshake createSession
INFO: Detected dialect: W3C
Sep 27, 2023 5:29:36 PM org.openqa.selenium.remote.ProtocolHandshake createSession
INFO: Detected dialect: W3C
]]></system-err>
  </testcase>
</testsuite>